<?xml version="1.0" encoding="UTF-8"?>
<!-- Generated by org.testng.reporters.JUnitReportReporter -->
<testsuite skipped="0" hostname="DESKTOP-Q5QPGK2" name="Academy.ValidateCourseTest" tests="1" failures="0" timestamp="2020-03-31T19:45:37 IST" time="4.633" errors="0">
  <testcase name="validateCourse" time="4.633" classname="Academy.ValidateCourseTest"/>
</testsuite> <!-- Academy.ValidateCourseTest -->
