<?xml version="1.0" encoding="UTF-8"?>
<!-- Generated by org.testng.reporters.JUnitReportReporter -->
<testsuite skipped="0" hostname="DESKTOP-Q5QPGK2" name="Academy.ValidateTest" tests="1" failures="0" timestamp="2020-05-05T19:19:00 IST" time="1.305" errors="0">
  <testcase name="HomepageNav" time="1.305" classname="Academy.ValidateTest"/>
</testsuite> <!-- Academy.ValidateTest -->
