<?xml version="1.0" encoding="UTF-8"?>
<!-- Generated by org.testng.reporters.JUnitReportReporter -->
<testsuite skipped="0" hostname="DESKTOP-Q5QPGK2" name="Academy.HomepageTest" tests="2" failures="0" timestamp="2020-03-30T20:24:37 IST" time="27.735" errors="0">
  <testcase name="HomepageNav" time="11.967" classname="Academy.HomepageTest"/>
  <testcase name="HomepageNav" time="15.768" classname="Academy.HomepageTest"/>
</testsuite> <!-- Academy.HomepageTest -->
