<?xml version="1.0" encoding="UTF-8"?>
<!-- Generated by org.testng.reporters.JUnitReportReporter -->
<testsuite skipped="0" hostname="DESKTOP-Q5QPGK2" name="Academy.ValidateTest" tests="1" failures="0" timestamp="2020-03-30T15:40:15 IST" time="0.110" errors="0">
  <testcase name="HomepageNav" time="0.110" classname="Academy.ValidateTest"/>
</testsuite> <!-- Academy.ValidateTest -->
